<?xml version="1.0" encoding="UTF-8"?>
<testng-results ignored="0" total="1" passed="1" failed="0" skipped="0">
  <reporter-output>
  </reporter-output>
  <suite started-at="2026-04-26T22:33:09 IST" name="Test" finished-at="2026-04-26T22:34:28 IST" duration-ms="79206">
    <groups>
    </groups>
    <test started-at="2026-04-26T22:33:09 IST" name="Module1" finished-at="2026-04-26T22:34:28 IST" duration-ms="79206">
      <class name="testcases.SampleTest">
        <test-method signature="sampleTest()[pri:0, instance:testcases.SampleTest@222114ba]" started-at="2026-04-26T22:33:09 IST" name="sampleTest" finished-at="2026-04-26T22:34:28 IST" duration-ms="78721" status="PASS">
          <reporter-output>
          </reporter-output>
        </test-method> <!-- sampleTest -->
      </class> <!-- testcases.SampleTest -->
    </test> <!-- Module1 -->
  </suite> <!-- Test -->
</testng-results>
